# JRE version: Java(TM) SE Runtime Environment (8.0_131-b11) (build 1.8.0_131-b11)
# Java VM: Java HotSpot(TM) Client VM (25.131-b11 mixed mode windows-x86 )
Heap:
 def new generation   total 38464K, used 6791K [0x04600000, 0x06fb0000, 0x19b50000)
  eden space 34240K,  10% used [0x04600000, 0x04963b20, 0x06770000)
  from space 4224K,  78% used [0x06b90000, 0x06ece470, 0x06fb0000)
  to   space 4224K,   0% used [0x06770000, 0x06770000, 0x06b90000)
 tenured generation   total 85108K, used 51063K [0x19b50000, 0x1ee6d000, 0x44600000)
   the space 85108K,  59% used [0x19b50000, 0x1cd2def0, 0x1cd2e000, 0x1ee6d000)
 Metaspace       used 38111K, capacity 39432K, committed 39552K, reserved 40320K
GC Heap History (10 events):
Event: 8.724 GC heap before
{Heap before GC invocations=99 (full 4):
 def new generation   total 22528K, used 20645K [0x04600000, 0x05e70000, 0x19b50000)
  eden space 20032K, 100% used [0x04600000, 0x05990000, 0x05990000)
  from space 2496K,  24% used [0x05c00000, 0x05c997c8, 0x05e70000)
  to   space 2496K,   0% used [0x05990000, 0x05990000, 0x05c00000)
 tenured generation   total 49792K, used 45196K [0x19b50000, 0x1cbf0000, 0x44600000)
   the space 49792K,  90% used [0x19b50000, 0x1c7732e0, 0x1c773400, 0x1cbf0000)
 Metaspace       used 35603K, capacity 36828K, committed 36864K, reserved 37248K
Event: 8.729 GC heap after
Heap after GC invocations=100 (full 4):
 def new generation   total 22528K, used 1127K [0x04600000, 0x05e70000, 0x19b50000)
  eden space 20032K,   0% used [0x04600000, 0x04600000, 0x05990000)
  from space 2496K,  45% used [0x05990000, 0x05aa9cb0, 0x05c00000)
  to   space 2496K,   0% used [0x05c00000, 0x05c00000, 0x05e70000)
 tenured generation   total 49792K, used 45196K [0x19b50000, 0x1cbf0000, 0x44600000)
   the space 49792K,  90% used [0x19b50000, 0x1c7732e0, 0x1c773400, 0x1cbf0000)
 Metaspace       used 35603K, capacity 36828K, committed 36864K, reserved 37248K
}
Event: 8.969 GC heap before
{Heap before GC invocations=100 (full 4):
 def new generation   total 22528K, used 21159K [0x04600000, 0x05e70000, 0x19b50000)
  eden space 20032K, 100% used [0x04600000, 0x05990000, 0x05990000)
  from space 2496K,  45% used [0x05990000, 0x05aa9cb0, 0x05c00000)
  to   space 2496K,   0% used [0x05c00000, 0x05c00000, 0x05e70000)
 tenured generation   total 49792K, used 45196K [0x19b50000, 0x1cbf0000, 0x44600000)
   the space 49792K,  90% used [0x19b50000, 0x1c7732e0, 0x1c773400, 0x1cbf0000)
 Metaspace       used 36085K, capacity 37360K, committed 37376K, reserved 38272K
Event: 8.978 GC heap after
Heap after GC invocations=101 (full 4):
 def new generation   total 22528K, used 2496K [0x04600000, 0x05e70000, 0x19b50000)
  eden space 20032K,   0% used [0x04600000, 0x04600000, 0x05990000)
  from space 2496K, 100% used [0x05c00000, 0x05e70000, 0x05e70000)
  to   space 2496K,   0% used [0x05990000, 0x05990000, 0x05c00000)
 tenured generation   total 49792K, used 46394K [0x19b50000, 0x1cbf0000, 0x44600000)
   the space 49792K,  93% used [0x19b50000, 0x1c89e8d8, 0x1c89ea00, 0x1cbf0000)
 Metaspace       used 36085K, capacity 37360K, committed 37376K, reserved 38272K
}
Event: 9.278 GC heap before
{Heap before GC invocations=101 (full 4):
 def new generation   total 22528K, used 22528K [0x04600000, 0x05e70000, 0x19b50000)
  eden space 20032K, 100% used [0x04600000, 0x05990000, 0x05990000)
  from space 2496K, 100% used [0x05c00000, 0x05e70000, 0x05e70000)
  to   space 2496K,   0% used [0x05990000, 0x05990000, 0x05c00000)
 tenured generation   total 49792K, used 46394K [0x19b50000, 0x1cbf0000, 0x44600000)
   the space 49792K,  93% used [0x19b50000, 0x1c89e8d8, 0x1c89ea00, 0x1cbf0000)
 Metaspace       used 36623K, capacity 37937K, committed 38016K, reserved 38272K
Event: 9.290 GC heap after
Heap after GC invocations=102 (full 4):
 def new generation   total 22528K, used 1615K [0x04600000, 0x05e70000, 0x19b50000)
  eden space 20032K,   0% used [0x04600000, 0x04600000, 0x05990000)
  from space 2496K,  64% used [0x05990000, 0x05b23df8, 0x05c00000)
  to   space 2496K,   0% used [0x05c00000, 0x05c00000, 0x05e70000)
 tenured generation   total 49792K, used 48877K [0x19b50000, 0x1cbf0000, 0x44600000)
   the space 49792K,  98% used [0x19b50000, 0x1cb0b5a8, 0x1cb0b600, 0x1cbf0000)
 Metaspace       used 36623K, capacity 37937K, committed 38016K, reserved 38272K
}
Event: 9.409 GC heap before
{Heap before GC invocations=102 (full 4):
 def new generation   total 22528K, used 21647K [0x04600000, 0x05e70000, 0x19b50000)
  eden space 20032K, 100% used [0x04600000, 0x05990000, 0x05990000)
  from space 2496K,  64% used [0x05990000, 0x05b23df8, 0x05c00000)
  to   space 2496K,   0% used [0x05c00000, 0x05c00000, 0x05e70000)
 tenured generation   total 49792K, used 48877K [0x19b50000, 0x1cbf0000, 0x44600000)
   the space 49792K,  98% used [0x19b50000, 0x1cb0b5a8, 0x1cb0b600, 0x1cbf0000)
 Metaspace       used 36644K, capacity 37937K, committed 38016K, reserved 38272K
Event: 9.538 GC heap after
Heap after GC invocations=103 (full 5):
 def new generation   total 38464K, used 0K [0x04600000, 0x06fb0000, 0x19b50000)
  eden space 34240K,   0% used [0x04600000, 0x04600000, 0x06770000)
  from space 4224K,   0% used [0x06770000, 0x06770000, 0x06b90000)
  to   space 4224K,   0% used [0x06b90000, 0x06b90000, 0x06fb0000)
 tenured generation   total 85108K, used 51063K [0x19b50000, 0x1ee6d000, 0x44600000)
   the space 85108K,  59% used [0x19b50000, 0x1cd2def0, 0x1cd2e000, 0x1ee6d000)
 Metaspace       used 36644K, capacity 37937K, committed 38016K, reserved 38272K
}
Event: 9.674 GC heap before
{Heap before GC invocations=103 (full 5):
 def new generation   total 38464K, used 34240K [0x04600000, 0x06fb0000, 0x19b50000)
  eden space 34240K, 100% used [0x04600000, 0x06770000, 0x06770000)
  from space 4224K,   0% used [0x06770000, 0x06770000, 0x06b90000)
  to   space 4224K,   0% used [0x06b90000, 0x06b90000, 0x06fb0000)
 tenured generation   total 85108K, used 51063K [0x19b50000, 0x1ee6d000, 0x44600000)
   the space 85108K,  59% used [0x19b50000, 0x1cd2def0, 0x1cd2e000, 0x1ee6d000)
 Metaspace       used 37698K, capacity 38981K, committed 39040K, reserved 39296K
Event: 9.683 GC heap after
Heap after GC invocations=104 (full 5):
 def new generation   total 38464K, used 3321K [0x04600000, 0x06fb0000, 0x19b50000)
  eden space 34240K,   0% used [0x04600000, 0x04600000, 0x06770000)
  from space 4224K,  78% used [0x06b90000, 0x06ece470, 0x06fb0000)
  to   space 4224K,   0% used [0x06770000, 0x06770000, 0x06b90000)
 tenured generation   total 85108K, used 51063K [0x19b50000, 0x1ee6d000, 0x44600000)
   the space 85108K,  59% used [0x19b50000, 0x1cd2def0, 0x1cd2e000, 0x1ee6d000)
 Metaspace       used 37698K, capacity 38981K, committed 39040K, reserved 39296K
}

