# JRE version: Java(TM) SE Runtime Environment (8.0_131-b11) (build 1.8.0_131-b11)
# Java VM: Java HotSpot(TM) Client VM (25.131-b11 mixed mode windows-x86 )
Heap:
 def new generation   total 21376K, used 9371K [0x05000000, 0x06730000, 0x0faa0000)
  eden space 19008K,  41% used [0x05000000, 0x057b5a38, 0x06290000)
  from space 2368K,  62% used [0x06290000, 0x06401550, 0x064e0000)
  to   space 2368K,   0% used [0x064e0000, 0x064e0000, 0x06730000)
 tenured generation   total 47192K, used 31102K [0x0faa0000, 0x128b6000, 0x25000000)
   the space 47192K,  65% used [0x0faa0000, 0x118ff9e8, 0x118ffa00, 0x128b6000)
 Metaspace       used 33873K, capacity 34858K, committed 34944K, reserved 35200K
GC Heap History (10 events):
Event: 6.050 GC heap before
{Heap before GC invocations=86 (full 3):
 def new generation   total 13056K, used 12625K [0x05000000, 0x05e20000, 0x0faa0000)
  eden space 11648K, 100% used [0x05000000, 0x05b60000, 0x05b60000)
  from space 1408K,  69% used [0x05cc0000, 0x05db4698, 0x05e20000)
  to   space 1408K,   0% used [0x05b60000, 0x05b60000, 0x05cc0000)
 tenured generation   total 28648K, used 26582K [0x0faa0000, 0x1169a000, 0x25000000)
   the space 28648K,  92% used [0x0faa0000, 0x11495bd8, 0x11495c00, 0x1169a000)
 Metaspace       used 32078K, capacity 33031K, committed 33152K, reserved 33152K
Event: 6.055 GC heap after
Heap after GC invocations=87 (full 3):
 def new generation   total 13056K, used 931K [0x05000000, 0x05e20000, 0x0faa0000)
  eden space 11648K,   0% used [0x05000000, 0x05000000, 0x05b60000)
  from space 1408K,  66% used [0x05b60000, 0x05c48f28, 0x05cc0000)
  to   space 1408K,   0% used [0x05cc0000, 0x05cc0000, 0x05e20000)
 tenured generation   total 28648K, used 27393K [0x0faa0000, 0x1169a000, 0x25000000)
   the space 28648K,  95% used [0x0faa0000, 0x11560780, 0x11560800, 0x1169a000)
 Metaspace       used 32078K, capacity 33031K, committed 33152K, reserved 33152K
}
Event: 6.189 GC heap before
{Heap before GC invocations=87 (full 3):
 def new generation   total 13056K, used 12579K [0x05000000, 0x05e20000, 0x0faa0000)
  eden space 11648K, 100% used [0x05000000, 0x05b60000, 0x05b60000)
  from space 1408K,  66% used [0x05b60000, 0x05c48f28, 0x05cc0000)
  to   space 1408K,   0% used [0x05cc0000, 0x05cc0000, 0x05e20000)
 tenured generation   total 28648K, used 27393K [0x0faa0000, 0x1169a000, 0x25000000)
   the space 28648K,  95% used [0x0faa0000, 0x11560780, 0x11560800, 0x1169a000)
 Metaspace       used 32381K, capacity 33331K, committed 33408K, reserved 34176K
Event: 6.194 GC heap after
Heap after GC invocations=88 (full 3):
 def new generation   total 13056K, used 743K [0x05000000, 0x05e20000, 0x0faa0000)
  eden space 11648K,   0% used [0x05000000, 0x05000000, 0x05b60000)
  from space 1408K,  52% used [0x05cc0000, 0x05d79d60, 0x05e20000)
  to   space 1408K,   0% used [0x05b60000, 0x05b60000, 0x05cc0000)
 tenured generation   total 28648K, used 27997K [0x0faa0000, 0x1169a000, 0x25000000)
   the space 28648K,  97% used [0x0faa0000, 0x115f77d0, 0x115f7800, 0x1169a000)
 Metaspace       used 32381K, capacity 33331K, committed 33408K, reserved 34176K
}
Event: 6.283 GC heap before
{Heap before GC invocations=88 (full 3):
 def new generation   total 13056K, used 12391K [0x05000000, 0x05e20000, 0x0faa0000)
  eden space 11648K, 100% used [0x05000000, 0x05b60000, 0x05b60000)
  from space 1408K,  52% used [0x05cc0000, 0x05d79d60, 0x05e20000)
  to   space 1408K,   0% used [0x05b60000, 0x05b60000, 0x05cc0000)
 tenured generation   total 28648K, used 27997K [0x0faa0000, 0x1169a000, 0x25000000)
   the space 28648K,  97% used [0x0faa0000, 0x115f77d0, 0x115f7800, 0x1169a000)
 Metaspace       used 32403K, capacity 33363K, committed 33408K, reserved 34176K
Event: 6.371 GC heap after
Heap after GC invocations=89 (full 4):
 def new generation   total 21376K, used 0K [0x05000000, 0x06730000, 0x0faa0000)
  eden space 19008K,   0% used [0x05000000, 0x05000000, 0x06290000)
  from space 2368K,   0% used [0x06290000, 0x06290000, 0x064e0000)
  to   space 2368K,   0% used [0x064e0000, 0x064e0000, 0x06730000)
 tenured generation   total 47192K, used 28314K [0x0faa0000, 0x128b6000, 0x25000000)
   the space 47192K,  59% used [0x0faa0000, 0x11646928, 0x11646a00, 0x128b6000)
 Metaspace       used 32403K, capacity 33363K, committed 33408K, reserved 34176K
}
Event: 6.458 GC heap before
{Heap before GC invocations=89 (full 4):
 def new generation   total 21376K, used 19008K [0x05000000, 0x06730000, 0x0faa0000)
  eden space 19008K, 100% used [0x05000000, 0x06290000, 0x06290000)
  from space 2368K,   0% used [0x06290000, 0x06290000, 0x064e0000)
  to   space 2368K,   0% used [0x064e0000, 0x064e0000, 0x06730000)
 tenured generation   total 47192K, used 28314K [0x0faa0000, 0x128b6000, 0x25000000)
   the space 47192K,  59% used [0x0faa0000, 0x11646928, 0x11646a00, 0x128b6000)
 Metaspace       used 32403K, capacity 33363K, committed 33408K, reserved 34176K
Event: 6.464 GC heap after
Heap after GC invocations=90 (full 4):
 def new generation   total 21376K, used 2368K [0x05000000, 0x06730000, 0x0faa0000)
  eden space 19008K,   0% used [0x05000000, 0x05000000, 0x06290000)
  from space 2368K, 100% used [0x064e0000, 0x06730000, 0x06730000)
  to   space 2368K,   0% used [0x06290000, 0x06290000, 0x064e0000)
 tenured generation   total 47192K, used 28735K [0x0faa0000, 0x128b6000, 0x25000000)
   the space 47192K,  60% used [0x0faa0000, 0x116afdf8, 0x116afe00, 0x128b6000)
 Metaspace       used 32403K, capacity 33363K, committed 33408K, reserved 34176K
}
Event: 6.542 GC heap before
{Heap before GC invocations=90 (full 4):
 def new generation   total 21376K, used 21376K [0x05000000, 0x06730000, 0x0faa0000)
  eden space 19008K, 100% used [0x05000000, 0x06290000, 0x06290000)
  from space 2368K, 100% used [0x064e0000, 0x06730000, 0x06730000)
  to   space 2368K,   0% used [0x06290000, 0x06290000, 0x064e0000)
 tenured generation   total 47192K, used 28735K [0x0faa0000, 0x128b6000, 0x25000000)
   the space 47192K,  60% used [0x0faa0000, 0x116afdf8, 0x116afe00, 0x128b6000)
 Metaspace       used 33008K, capacity 33957K, committed 34048K, reserved 34176K
Event: 6.551 GC heap after
Heap after GC invocations=91 (full 4):
 def new generation   total 21376K, used 1477K [0x05000000, 0x06730000, 0x0faa0000)
  eden space 19008K,   0% used [0x05000000, 0x05000000, 0x06290000)
  from space 2368K,  62% used [0x06290000, 0x06401550, 0x064e0000)
  to   space 2368K,   0% used [0x064e0000, 0x064e0000, 0x06730000)
 tenured generation   total 47192K, used 31102K [0x0faa0000, 0x128b6000, 0x25000000)
   the space 47192K,  65% used [0x0faa0000, 0x118ff9e8, 0x118ffa00, 0x128b6000)
 Metaspace       used 33008K, capacity 33957K, committed 34048K, reserved 34176K
}

