# JRE version: Java(TM) SE Runtime Environment (8.0_131-b11) (build 1.8.0_131-b11)
# Java VM: Java HotSpot(TM) Client VM (25.131-b11 mixed mode windows-x86 )
Heap:
 def new generation   total 35712K, used 6230K [0x04800000, 0x06eb0000, 0x0f2a0000)
  eden space 31808K,  10% used [0x04800000, 0x04b22e80, 0x06710000)
  from space 3904K,  77% used [0x06710000, 0x06a029c0, 0x06ae0000)
  to   space 3904K,   0% used [0x06ae0000, 0x06ae0000, 0x06eb0000)
 tenured generation   total 78892K, used 51659K [0x0f2a0000, 0x13fab000, 0x24800000)
   the space 78892K,  65% used [0x0f2a0000, 0x12512e98, 0x12513000, 0x13fab000)
 Metaspace       used 38053K, capacity 39350K, committed 39424K, reserved 40320K
GC Heap History (10 events):
Event: 9.198 GC heap before
{Heap before GC invocations=99 (full 4):
 def new generation   total 21312K, used 19365K [0x04800000, 0x05f10000, 0x0f2a0000)
  eden space 19008K, 100% used [0x04800000, 0x05a90000, 0x05a90000)
  from space 2304K,  15% used [0x05a90000, 0x05ae9448, 0x05cd0000)
  to   space 2304K,   0% used [0x05cd0000, 0x05cd0000, 0x05f10000)
 tenured generation   total 47020K, used 45216K [0x0f2a0000, 0x1208b000, 0x24800000)
   the space 47020K,  96% used [0x0f2a0000, 0x11ec81d0, 0x11ec8200, 0x1208b000)
 Metaspace       used 35591K, capacity 36815K, committed 36864K, reserved 37248K
Event: 9.201 GC heap after
Heap after GC invocations=100 (full 4):
 def new generation   total 21312K, used 898K [0x04800000, 0x05f10000, 0x0f2a0000)
  eden space 19008K,   0% used [0x04800000, 0x04800000, 0x05a90000)
  from space 2304K,  38% used [0x05cd0000, 0x05db08b8, 0x05f10000)
  to   space 2304K,   0% used [0x05a90000, 0x05a90000, 0x05cd0000)
 tenured generation   total 47020K, used 45216K [0x0f2a0000, 0x1208b000, 0x24800000)
   the space 47020K,  96% used [0x0f2a0000, 0x11ec81d0, 0x11ec8200, 0x1208b000)
 Metaspace       used 35591K, capacity 36815K, committed 36864K, reserved 37248K
}
Event: 9.422 GC heap before
{Heap before GC invocations=100 (full 4):
 def new generation   total 21312K, used 19906K [0x04800000, 0x05f10000, 0x0f2a0000)
  eden space 19008K, 100% used [0x04800000, 0x05a90000, 0x05a90000)
  from space 2304K,  38% used [0x05cd0000, 0x05db08b8, 0x05f10000)
  to   space 2304K,   0% used [0x05a90000, 0x05a90000, 0x05cd0000)
 tenured generation   total 47020K, used 45216K [0x0f2a0000, 0x1208b000, 0x24800000)
   the space 47020K,  96% used [0x0f2a0000, 0x11ec81d0, 0x11ec8200, 0x1208b000)
 Metaspace       used 35950K, capacity 37237K, committed 37248K, reserved 37248K
Event: 9.431 GC heap after
Heap after GC invocations=101 (full 4):
 def new generation   total 21312K, used 2304K [0x04800000, 0x05f10000, 0x0f2a0000)
  eden space 19008K,   0% used [0x04800000, 0x04800000, 0x05a90000)
  from space 2304K, 100% used [0x05a90000, 0x05cd0000, 0x05cd0000)
  to   space 2304K,   0% used [0x05cd0000, 0x05cd0000, 0x05f10000)
 tenured generation   total 47020K, used 45881K [0x0f2a0000, 0x1208b000, 0x24800000)
   the space 47020K,  97% used [0x0f2a0000, 0x11f6e438, 0x11f6e600, 0x1208b000)
 Metaspace       used 35950K, capacity 37237K, committed 37248K, reserved 37248K
}
Event: 9.717 GC heap before
{Heap before GC invocations=101 (full 4):
 def new generation   total 21312K, used 21312K [0x04800000, 0x05f10000, 0x0f2a0000)
  eden space 19008K, 100% used [0x04800000, 0x05a90000, 0x05a90000)
  from space 2304K, 100% used [0x05a90000, 0x05cd0000, 0x05cd0000)
  to   space 2304K,   0% used [0x05cd0000, 0x05cd0000, 0x05f10000)
 tenured generation   total 47020K, used 45881K [0x0f2a0000, 0x1208b000, 0x24800000)
   the space 47020K,  97% used [0x0f2a0000, 0x11f6e438, 0x11f6e600, 0x1208b000)
 Metaspace       used 36559K, capacity 37821K, committed 37888K, reserved 38272K
Event: 9.837 GC heap after
Heap after GC invocations=102 (full 5):
 def new generation   total 35712K, used 0K [0x04800000, 0x06eb0000, 0x0f2a0000)
  eden space 31808K,   0% used [0x04800000, 0x04800000, 0x06710000)
  from space 3904K,   0% used [0x06710000, 0x06710000, 0x06ae0000)
  to   space 3904K,   0% used [0x06ae0000, 0x06ae0000, 0x06eb0000)
 tenured generation   total 78892K, used 47335K [0x0f2a0000, 0x13fab000, 0x24800000)
   the space 78892K,  59% used [0x0f2a0000, 0x120d9cc0, 0x120d9e00, 0x13fab000)
 Metaspace       used 36559K, capacity 37821K, committed 37888K, reserved 38272K
}
Event: 10.021 GC heap before
{Heap before GC invocations=102 (full 5):
 def new generation   total 35712K, used 31808K [0x04800000, 0x06eb0000, 0x0f2a0000)
  eden space 31808K, 100% used [0x04800000, 0x06710000, 0x06710000)
  from space 3904K,   0% used [0x06710000, 0x06710000, 0x06ae0000)
  to   space 3904K,   0% used [0x06ae0000, 0x06ae0000, 0x06eb0000)
 tenured generation   total 78892K, used 47335K [0x0f2a0000, 0x13fab000, 0x24800000)
   the space 78892K,  59% used [0x0f2a0000, 0x120d9cc0, 0x120d9e00, 0x13fab000)
 Metaspace       used 36598K, capacity 37855K, committed 37888K, reserved 38272K
Event: 10.031 GC heap after
Heap after GC invocations=103 (full 5):
 def new generation   total 35712K, used 3904K [0x04800000, 0x06eb0000, 0x0f2a0000)
  eden space 31808K,   0% used [0x04800000, 0x04800000, 0x06710000)
  from space 3904K, 100% used [0x06ae0000, 0x06eb0000, 0x06eb0000)
  to   space 3904K,   0% used [0x06710000, 0x06710000, 0x06ae0000)
 tenured generation   total 78892K, used 47812K [0x0f2a0000, 0x13fab000, 0x24800000)
   the space 78892K,  60% used [0x0f2a0000, 0x12151358, 0x12151400, 0x13fab000)
 Metaspace       used 36598K, capacity 37855K, committed 37888K, reserved 38272K
}
Event: 10.161 GC heap before
{Heap before GC invocations=103 (full 5):
 def new generation   total 35712K, used 35620K [0x04800000, 0x06eb0000, 0x0f2a0000)
  eden space 31808K,  99% used [0x04800000, 0x066f9238, 0x06710000)
  from space 3904K, 100% used [0x06ae0000, 0x06eb0000, 0x06eb0000)
  to   space 3904K,   0% used [0x06710000, 0x06710000, 0x06ae0000)
 tenured generation   total 78892K, used 47812K [0x0f2a0000, 0x13fab000, 0x24800000)
   the space 78892K,  60% used [0x0f2a0000, 0x12151358, 0x12151400, 0x13fab000)
 Metaspace       used 37626K, capacity 38900K, committed 39040K, reserved 39296K
Event: 10.175 GC heap after
Heap after GC invocations=104 (full 5):
 def new generation   total 35712K, used 3018K [0x04800000, 0x06eb0000, 0x0f2a0000)
  eden space 31808K,   0% used [0x04800000, 0x04800000, 0x06710000)
  from space 3904K,  77% used [0x06710000, 0x06a029c0, 0x06ae0000)
  to   space 3904K,   0% used [0x06ae0000, 0x06ae0000, 0x06eb0000)
 tenured generation   total 78892K, used 51659K [0x0f2a0000, 0x13fab000, 0x24800000)
   the space 78892K,  65% used [0x0f2a0000, 0x12512e98, 0x12513000, 0x13fab000)
 Metaspace       used 37626K, capacity 38900K, committed 39040K, reserved 39296K
}

